c:\users\josé\desktop\proyectofinaldip\contadorpersonadip\proyectoconteopersona\projectprueba\x64\debug\vc120.pdb
c:\users\josé\desktop\proyectofinaldip\contadorpersonadip\proyectoconteopersona\projectprueba\x64\debug\ventana.obj
c:\users\josé\desktop\proyectofinaldip\contadorpersonadip\proyectoconteopersona\projectprueba\x64\debug\people_counting.obj
c:\users\josé\desktop\proyectofinaldip\contadorpersonadip\proyectoconteopersona\projectprueba\x64\debug\pixelbasedadaptivesegmenter.obj
c:\users\josé\desktop\proyectofinaldip\contadorpersonadip\proyectoconteopersona\projectprueba\x64\debug\pbas.obj
c:\users\josé\desktop\proyectofinaldip\contadorpersonadip\proyectoconteopersona\projectprueba\x64\debug\blobtracking.obj
c:\users\josé\desktop\proyectofinaldip\contadorpersonadip\proyectoconteopersona\projectprueba\x64\debug\main.obj
c:\users\josé\desktop\proyectofinaldip\contadorpersonadip\proyectoconteopersona\projectprueba\x64\debug\cvtrack.obj
c:\users\josé\desktop\proyectofinaldip\contadorpersonadip\proyectoconteopersona\projectprueba\x64\debug\cvlabel.obj
c:\users\josé\desktop\proyectofinaldip\contadorpersonadip\proyectoconteopersona\projectprueba\x64\debug\cvblob.obj
c:\users\josé\desktop\proyectofinaldip\contadorpersonadip\proyectoconteopersona\x64\debug\proyectoconteopersonas.exe
c:\users\josé\desktop\proyectofinaldip\contadorpersonadip\proyectoconteopersona\x64\debug\proyectoconteopersonas.pdb
c:\users\josé\desktop\proyectofinaldip\contadorpersonadip\proyectoconteopersona\projectprueba\x64\debug\projectprueba.ventana.resources
c:\users\josé\desktop\proyectofinaldip\contadorpersonadip\proyectoconteopersona\projectprueba\x64\debug\projectprueba.vcxproj.generateresource.cache
c:\users\josé\desktop\proyectofinaldip\contadorpersonadip\proyectoconteopersona\projectprueba\x64\debug\projectprueba.vcxprojresolveassemblyreference.cache
c:\users\josé\desktop\proyectofinaldip\contadorpersonadip\proyectoconteopersona\projectprueba\x64\debug\proyecto.4852afa5.tlog\cl.command.1.tlog
c:\users\josé\desktop\proyectofinaldip\contadorpersonadip\proyectoconteopersona\projectprueba\x64\debug\proyecto.4852afa5.tlog\cl.read.1.tlog
c:\users\josé\desktop\proyectofinaldip\contadorpersonadip\proyectoconteopersona\projectprueba\x64\debug\proyecto.4852afa5.tlog\cl.write.1.tlog
c:\users\josé\desktop\proyectofinaldip\contadorpersonadip\proyectoconteopersona\projectprueba\x64\debug\proyecto.4852afa5.tlog\link.command.1.tlog
c:\users\josé\desktop\proyectofinaldip\contadorpersonadip\proyectoconteopersona\projectprueba\x64\debug\proyecto.4852afa5.tlog\link.read.1.tlog
c:\users\josé\desktop\proyectofinaldip\contadorpersonadip\proyectoconteopersona\projectprueba\x64\debug\proyecto.4852afa5.tlog\link.write.1.tlog
c:\users\josé\desktop\proyectofinaldip\contadorpersonadip\proyectoconteopersona\projectprueba\x64\debug\proyecto.4852afa5.tlog\proyectoconteopersonas.write.1u.tlog
